ERC report (2026-07-13T11:42:43, Encoding UTF8)

***** Sheet /
[footprint_link_issues]: The current configuration does not include the footprint library 'E73-2G4M08S1C'
    ; warning
    @(0.508 mm, 1.4224 mm): Symbol U1 [E73-2G4M08S1C]

[footprint_link_issues]: The current configuration does not include the footprint library 'E73-2G4M08S1C'
    ; warning
    @(0.5588 mm, 0.9017 mm): Symbol U1 [E73-2G4M08S1C]

[footprint_link_issues]: The current configuration does not include the footprint library 'E73-2G4M08S1C'
    ; warning
    @(1.5113 mm, 0.6858 mm): Symbol U1 [E73-2G4M08S1C]

[lib_symbol_mismatch]: Symbol doesn't match copy in library
    ; warning (excluded)
    @(1.143 mm, 0.9652 mm): Symbol J4 [USB_C_Receptacle_USB2.0_16P]

***** Sheet /Block Diagram/
***** Sheet /Project Architecture/
***** Sheet /Project Architecture/OBC/
***** Sheet /Project Architecture/LoRa/
***** Sheet /Project Architecture/SD card/
***** Sheet /Project Architecture/Power/
[multiple_net_names]: Both VSYS and PVDD are attached to the same items; VSYS will be used in the netlist
    ; warning
    @(1.2065 mm, 1.3462 mm): Symbol #PWR063 Pin 1 [Power input, Line]
    @(0.6096 mm, 1.0922 mm): Label 'PVDD'

[multiple_net_names]: More than one name given to this bus or net
    ; warning (excluded)
    @(2.2352 mm, 0.7366 mm): Symbol #PWR056 Pin 1 [Power input, Line]
    @(0.6096 mm, 1.0922 mm): Label 'PVDD'

***** Sheet /Project Architecture/USB/
***** Sheet /Revision History/
 ** ERC messages: 4  Errors 0  Warnings 4
