** Drc report for CanSat_Devboard.kicad_pcb **
** Created on 2026-07-20T14:28:47 **

** Found 3 DRC violations **
[lib_footprint_mismatch]: Footprint 'USB_C_Receptacle_GCT_USB4105-xx-A_16P_TopMnt_Horizontal' does not match copy in library 'Connector_USB'
    ; warning
    @(160.4134 mm, 84.6048 mm): Footprint J4
[silk_edge_clearance]: Silkscreen clipped by board edge
    ; warning
    @(114.668 mm, 80.4646 mm): Rectangle on Edge.Cuts
    @(136.4636 mm, 77.3908 mm): Segment of U1 on F.Silkscreen
[silk_edge_clearance]: Silkscreen clipped by board edge
    ; warning
    @(114.668 mm, 80.4646 mm): Rectangle on Edge.Cuts
    @(149.4636 mm, 95.8908 mm): Segment of U1 on F.Silkscreen

** Found 0 unconnected pads **

** Found 1 Footprint errors **
[net_conflict]: No pad found for pin S1 (GND) in schematic
    ; warning
    @(160.4134 mm, 84.6048 mm): Footprint J4

** End of Report **
